build/app/intermediates/manifest_merge_blame_file/debug/manifest-merger-blame-debug-report.txt
1<?xml version="1.0" encoding="utf-8"?>
2<manifest xmlns:android="http://schemas.android.com/apk/res/android"
3    package="com.example.weather_information"
4    android:versionCode="1"
5    android:versionName="1.0.0" >
6
7    <uses-sdk
8        android:minSdkVersion="20"
9        android:targetSdkVersion="31" />
10    <!--
11         Flutter needs it to communicate with the running application
12         to allow setting breakpoints, to provide hot reload, etc.
13    -->
14    <uses-permission android:name="android.permission.INTERNET" />
14-->src/debug/AndroidManifest.xml:6:5-66
14-->src/debug/AndroidManifest.xml:6:22-64
15    <uses-permission android:name="android.permission.FOREGROUND_SERVICE" />
15-->src/main/AndroidManifest.xml:3:5-77
15-->src/main/AndroidManifest.xml:3:22-74
16    <uses-permission android:name="android.permission.ACCESS_BACKGROUND_LOCATION" />
16-->src/main/AndroidManifest.xml:4:5-84
16-->src/main/AndroidManifest.xml:4:22-82
17    <uses-permission android:name="android.permission.ACCESS_NETWORK_STATE" />
17-->[com.google.firebase:firebase-auth:21.0.3] AndroidManifest.xml:24:5-79
17-->[com.google.firebase:firebase-auth:21.0.3] AndroidManifest.xml:24:22-76
18
19    <uses-feature
19-->[com.google.android.gms:play-services-maps:18.0.2] AndroidManifest.xml:26:5-28:35
20        android:glEsVersion="0x00020000"
20-->[com.google.android.gms:play-services-maps:18.0.2] AndroidManifest.xml:27:9-41
21        android:required="true" />
21-->[com.google.android.gms:play-services-maps:18.0.2] AndroidManifest.xml:28:9-32
22
23    <queries>
23-->[com.google.android.gms:play-services-maps:18.0.2] AndroidManifest.xml:30:5-34:15
24
25        <!-- Needs to be explicitly declared on Android R+ -->
26        <package android:name="com.google.android.apps.maps" />
26-->[com.google.android.gms:play-services-maps:18.0.2] AndroidManifest.xml:33:9-64
26-->[com.google.android.gms:play-services-maps:18.0.2] AndroidManifest.xml:33:18-61
27    </queries>
28
29    <application
30        android:name="android.app.Application"
31        android:appComponentFactory="androidx.core.app.CoreComponentFactory"
31-->[androidx.core:core:1.6.0] AndroidManifest.xml:24:18-86
32        android:debuggable="true"
33        android:icon="@mipmap/ic_launcher"
34        android:label="weather_information" >
35        <activity
36            android:name="com.example.weather_information.MainActivity"
37            android:configChanges="orientation|keyboardHidden|keyboard|screenSize|smallestScreenSize|locale|layoutDirection|fontScale|screenLayout|density|uiMode"
38            android:exported="true"
39            android:hardwareAccelerated="true"
40            android:launchMode="singleTop"
41            android:theme="@style/LaunchTheme"
42            android:windowSoftInputMode="adjustResize" >
43
44            <!--
45                 Specifies an Android theme to apply to this Activity as soon as
46                 the Android process has started. This theme is visible to the user
47                 while the Flutter UI initializes. After that, this theme continues
48                 to determine the Window background behind the Flutter UI.
49            -->
50            <meta-data
51                android:name="io.flutter.embedding.android.NormalTheme"
52                android:resource="@style/NormalTheme" />
53
54            <intent-filter>
55                <action android:name="android.intent.action.MAIN" />
56
57                <category android:name="android.intent.category.LAUNCHER" />
58            </intent-filter>
59        </activity>
60        <!--
61             Don't delete the meta-data below.
62             This is used by the Flutter tool to generate GeneratedPluginRegistrant.java
63        -->
64        <meta-data
65            android:name="flutterEmbedding"
66            android:value="2" />
67        <meta-data
68            android:name="com.google.android.geo.API_KEY"
69            android:value="AIzaSyCCowO4lXOSAkK4Ee4z_A2WySVRW9_Y8wE" />
70
71        <service
71-->[:firebase_auth] AndroidManifest.xml:8:9-12:19
72            android:name="com.google.firebase.components.ComponentDiscoveryService"
72-->[:firebase_auth] AndroidManifest.xml:8:18-89
73            android:directBootAware="true"
73-->[com.google.firebase:firebase-common:20.1.1] AndroidManifest.xml:35:13-43
74            android:exported="false" >
74-->[com.google.firebase:firebase-auth:21.0.3] AndroidManifest.xml:66:13-37
75            <meta-data
75-->[:firebase_auth] AndroidManifest.xml:9:13-11:85
76                android:name="com.google.firebase.components:io.flutter.plugins.firebase.auth.FlutterFirebaseAuthRegistrar"
76-->[:firebase_auth] AndroidManifest.xml:10:17-124
77                android:value="com.google.firebase.components.ComponentRegistrar" />
77-->[:firebase_auth] AndroidManifest.xml:11:17-82
78            <meta-data
78-->[:firebase_core] AndroidManifest.xml:9:13-11:85
79                android:name="com.google.firebase.components:io.flutter.plugins.firebase.core.FlutterFirebaseCoreRegistrar"
79-->[:firebase_core] AndroidManifest.xml:10:17-124
80                android:value="com.google.firebase.components.ComponentRegistrar" />
80-->[:firebase_core] AndroidManifest.xml:11:17-82
81            <meta-data
81-->[com.google.firebase:firebase-auth:21.0.3] AndroidManifest.xml:67:13-69:85
82                android:name="com.google.firebase.components:com.google.firebase.auth.FirebaseAuthRegistrar"
82-->[com.google.firebase:firebase-auth:21.0.3] AndroidManifest.xml:68:17-109
83                android:value="com.google.firebase.components.ComponentRegistrar" />
83-->[com.google.firebase:firebase-auth:21.0.3] AndroidManifest.xml:69:17-82
84        </service>
85        <service
85-->[:geolocator_android] AndroidManifest.xml:10:9-14:56
86            android:name="com.baseflow.geolocator.GeolocatorLocationService"
86-->[:geolocator_android] AndroidManifest.xml:11:13-77
87            android:enabled="true"
87-->[:geolocator_android] AndroidManifest.xml:12:13-35
88            android:exported="false"
88-->[:geolocator_android] AndroidManifest.xml:13:13-37
89            android:foregroundServiceType="location" />
89-->[:geolocator_android] AndroidManifest.xml:14:13-53
90
91        <uses-library
91-->[androidx.window:window:1.0.0-beta04] AndroidManifest.xml:25:9-27:40
92            android:name="androidx.window.extensions"
92-->[androidx.window:window:1.0.0-beta04] AndroidManifest.xml:26:13-54
93            android:required="false" />
93-->[androidx.window:window:1.0.0-beta04] AndroidManifest.xml:27:13-37
94        <uses-library
94-->[androidx.window:window:1.0.0-beta04] AndroidManifest.xml:28:9-30:40
95            android:name="androidx.window.sidecar"
95-->[androidx.window:window:1.0.0-beta04] AndroidManifest.xml:29:13-51
96            android:required="false" />
96-->[androidx.window:window:1.0.0-beta04] AndroidManifest.xml:30:13-37
97
98        <activity
98-->[com.google.firebase:firebase-auth:21.0.3] AndroidManifest.xml:27:9-44:20
99            android:name="com.google.firebase.auth.internal.GenericIdpActivity"
99-->[com.google.firebase:firebase-auth:21.0.3] AndroidManifest.xml:28:13-80
100            android:excludeFromRecents="true"
100-->[com.google.firebase:firebase-auth:21.0.3] AndroidManifest.xml:29:13-46
101            android:exported="true"
101-->[com.google.firebase:firebase-auth:21.0.3] AndroidManifest.xml:30:13-36
102            android:launchMode="singleTask"
102-->[com.google.firebase:firebase-auth:21.0.3] AndroidManifest.xml:31:13-44
103            android:theme="@android:style/Theme.Translucent.NoTitleBar" >
103-->[com.google.firebase:firebase-auth:21.0.3] AndroidManifest.xml:32:13-72
104            <intent-filter>
104-->[com.google.firebase:firebase-auth:21.0.3] AndroidManifest.xml:33:13-43:29
105                <action android:name="android.intent.action.VIEW" />
105-->[com.google.firebase:firebase-auth:21.0.3] AndroidManifest.xml:34:17-69
105-->[com.google.firebase:firebase-auth:21.0.3] AndroidManifest.xml:34:25-66
106
107                <category android:name="android.intent.category.DEFAULT" />
107-->[com.google.firebase:firebase-auth:21.0.3] AndroidManifest.xml:36:17-76
107-->[com.google.firebase:firebase-auth:21.0.3] AndroidManifest.xml:36:27-73
108                <category android:name="android.intent.category.BROWSABLE" />
108-->[com.google.firebase:firebase-auth:21.0.3] AndroidManifest.xml:37:17-78
108-->[com.google.firebase:firebase-auth:21.0.3] AndroidManifest.xml:37:27-75
109
110                <data
110-->[com.google.firebase:firebase-auth:21.0.3] AndroidManifest.xml:39:17-42:51
111                    android:host="firebase.auth"
111-->[com.google.firebase:firebase-auth:21.0.3] AndroidManifest.xml:40:21-49
112                    android:path="/"
112-->[com.google.firebase:firebase-auth:21.0.3] AndroidManifest.xml:41:21-37
113                    android:scheme="genericidp" />
113-->[com.google.firebase:firebase-auth:21.0.3] AndroidManifest.xml:42:21-48
114            </intent-filter>
115        </activity>
116        <activity
116-->[com.google.firebase:firebase-auth:21.0.3] AndroidManifest.xml:45:9-62:20
117            android:name="com.google.firebase.auth.internal.RecaptchaActivity"
117-->[com.google.firebase:firebase-auth:21.0.3] AndroidManifest.xml:46:13-79
118            android:excludeFromRecents="true"
118-->[com.google.firebase:firebase-auth:21.0.3] AndroidManifest.xml:47:13-46
119            android:exported="true"
119-->[com.google.firebase:firebase-auth:21.0.3] AndroidManifest.xml:48:13-36
120            android:launchMode="singleTask"
120-->[com.google.firebase:firebase-auth:21.0.3] AndroidManifest.xml:49:13-44
121            android:theme="@android:style/Theme.Translucent.NoTitleBar" >
121-->[com.google.firebase:firebase-auth:21.0.3] AndroidManifest.xml:50:13-72
122            <intent-filter>
122-->[com.google.firebase:firebase-auth:21.0.3] AndroidManifest.xml:51:13-61:29
123                <action android:name="android.intent.action.VIEW" />
123-->[com.google.firebase:firebase-auth:21.0.3] AndroidManifest.xml:34:17-69
123-->[com.google.firebase:firebase-auth:21.0.3] AndroidManifest.xml:34:25-66
124
125                <category android:name="android.intent.category.DEFAULT" />
125-->[com.google.firebase:firebase-auth:21.0.3] AndroidManifest.xml:36:17-76
125-->[com.google.firebase:firebase-auth:21.0.3] AndroidManifest.xml:36:27-73
126                <category android:name="android.intent.category.BROWSABLE" />
126-->[com.google.firebase:firebase-auth:21.0.3] AndroidManifest.xml:37:17-78
126-->[com.google.firebase:firebase-auth:21.0.3] AndroidManifest.xml:37:27-75
127
128                <data
128-->[com.google.firebase:firebase-auth:21.0.3] AndroidManifest.xml:39:17-42:51
129                    android:host="firebase.auth"
129-->[com.google.firebase:firebase-auth:21.0.3] AndroidManifest.xml:40:21-49
130                    android:path="/"
130-->[com.google.firebase:firebase-auth:21.0.3] AndroidManifest.xml:41:21-37
131                    android:scheme="recaptcha" />
131-->[com.google.firebase:firebase-auth:21.0.3] AndroidManifest.xml:42:21-48
132            </intent-filter>
133        </activity>
134
135        <provider
135-->[com.google.firebase:firebase-common:20.1.1] AndroidManifest.xml:26:9-31:39
136            android:name="com.google.firebase.provider.FirebaseInitProvider"
136-->[com.google.firebase:firebase-common:20.1.1] AndroidManifest.xml:27:13-77
137            android:authorities="com.example.weather_information.firebaseinitprovider"
137-->[com.google.firebase:firebase-common:20.1.1] AndroidManifest.xml:28:13-72
138            android:directBootAware="true"
138-->[com.google.firebase:firebase-common:20.1.1] AndroidManifest.xml:29:13-43
139            android:exported="false"
139-->[com.google.firebase:firebase-common:20.1.1] AndroidManifest.xml:30:13-37
140            android:initOrder="100" /> <!-- Needs to be explicitly declared on P+ -->
140-->[com.google.firebase:firebase-common:20.1.1] AndroidManifest.xml:31:13-36
141        <uses-library
141-->[com.google.android.gms:play-services-maps:18.0.2] AndroidManifest.xml:39:9-41:40
142            android:name="org.apache.http.legacy"
142-->[com.google.android.gms:play-services-maps:18.0.2] AndroidManifest.xml:40:13-50
143            android:required="false" />
143-->[com.google.android.gms:play-services-maps:18.0.2] AndroidManifest.xml:41:13-37
144
145        <activity
145-->[com.google.android.gms:play-services-base:18.0.1] AndroidManifest.xml:20:9-22:45
146            android:name="com.google.android.gms.common.api.GoogleApiActivity"
146-->[com.google.android.gms:play-services-base:18.0.1] AndroidManifest.xml:20:19-85
147            android:exported="false"
147-->[com.google.android.gms:play-services-base:18.0.1] AndroidManifest.xml:22:19-43
148            android:theme="@android:style/Theme.Translucent.NoTitleBar" />
148-->[com.google.android.gms:play-services-base:18.0.1] AndroidManifest.xml:21:19-78
149
150        <meta-data
150-->[com.google.android.gms:play-services-basement:18.0.0] AndroidManifest.xml:21:9-23:69
151            android:name="com.google.android.gms.version"
151-->[com.google.android.gms:play-services-basement:18.0.0] AndroidManifest.xml:22:13-58
152            android:value="@integer/google_play_services_version" />
152-->[com.google.android.gms:play-services-basement:18.0.0] AndroidManifest.xml:23:13-66
153    </application>
154
155</manifest>